<?xml version="1.0" encoding="UTF-8"?>
<!-- Generated by org.testng.reporters.JUnitReportReporter -->
<testsuite hostname="lin83002955" failures="0" tests="1" name="Uniform.Validatelogin" time="2.526" errors="0" timestamp="10 Jun 2022 23:04:04 GMT">
  <testcase classname="Uniform.Validatelogin" name="login" time="2.526"/>
</testsuite> <!-- Uniform.Validatelogin -->
