<?xml version="1.0" encoding="UTF-8"?>
<!-- Generated by org.testng.reporters.JUnitReportReporter -->
<testsuite hostname="lin83002955" failures="0" tests="1" name="Uniform.ValidateCheckout" time="14.545" errors="0" timestamp="10 Jun 2022 23:04:04 GMT">
  <testcase classname="Uniform.ValidateCheckout" name="Checkout" time="14.545"/>
</testsuite> <!-- Uniform.ValidateCheckout -->
